<?xml version="1.0" encoding="UTF-8"?>
<testsuite name="Login"
           tests="2"
           failures="0"
           errors="0"
           skipped="0"
           time="18.471">
    <properties></properties>



            <testcase
                name="LoginTestInvalid"
                time="16.296"
                classname="tests.LoginTests">
            </testcase>
            <testcase
                name="LoginTestValid"
                time="2.175"
                classname="tests.LoginTests">
            </testcase>
</testsuite>
