<?xml version="1.0" encoding="UTF-8"?>
<testng-results ignored="0" total="6" passed="6" failed="0" skipped="0">
  <reporter-output>
  </reporter-output>
  <suite started-at="2021-10-21T21:36:49 NZDT" name="BuggyCarsTest" finished-at="2021-10-21T21:37:42 NZDT" duration-ms="52880">
    <groups>
    </groups>
    <test started-at="2021-10-21T21:36:49 NZDT" name="Login" finished-at="2021-10-21T21:37:10 NZDT" duration-ms="21373">
      <class name="tests.LoginTests">
        <test-method is-config="true" signature="testSetup()[pri:0, instance:tests.LoginTests@6279cee3]" started-at="2021-10-21T21:36:49 NZDT" name="testSetup" finished-at="2021-10-21T21:36:50 NZDT" duration-ms="1503" status="PASS">
          <reporter-output>
          </reporter-output>
        </test-method> <!-- testSetup -->
        <test-method signature="LoginTestInvalid()[pri:0, instance:tests.LoginTests@6279cee3]" started-at="2021-10-21T21:36:50 NZDT" name="LoginTestInvalid" finished-at="2021-10-21T21:37:07 NZDT" duration-ms="16296" status="PASS">
          <reporter-output>
          </reporter-output>
        </test-method> <!-- LoginTestInvalid -->
        <test-method is-config="true" signature="testCleanup()[pri:0, instance:tests.LoginTests@6279cee3]" started-at="2021-10-21T21:37:07 NZDT" name="testCleanup" finished-at="2021-10-21T21:37:07 NZDT" duration-ms="89" status="PASS">
          <reporter-output>
          </reporter-output>
        </test-method> <!-- testCleanup -->
        <test-method is-config="true" signature="testSetup()[pri:0, instance:tests.LoginTests@6279cee3]" started-at="2021-10-21T21:37:07 NZDT" name="testSetup" finished-at="2021-10-21T21:37:08 NZDT" duration-ms="1200" status="PASS">
          <reporter-output>
          </reporter-output>
        </test-method> <!-- testSetup -->
        <test-method signature="LoginTestValid()[pri:0, instance:tests.LoginTests@6279cee3]" started-at="2021-10-21T21:37:08 NZDT" name="LoginTestValid" finished-at="2021-10-21T21:37:10 NZDT" duration-ms="2175" status="PASS">
          <reporter-output>
          </reporter-output>
        </test-method> <!-- LoginTestValid -->
        <test-method is-config="true" signature="testCleanup()[pri:0, instance:tests.LoginTests@6279cee3]" started-at="2021-10-21T21:37:10 NZDT" name="testCleanup" finished-at="2021-10-21T21:37:10 NZDT" duration-ms="85" status="PASS">
          <reporter-output>
          </reporter-output>
        </test-method> <!-- testCleanup -->
      </class> <!-- tests.LoginTests -->
    </test> <!-- Login -->
    <test started-at="2021-10-21T21:37:10 NZDT" name="Register" finished-at="2021-10-21T21:37:15 NZDT" duration-ms="5150">
      <class name="tests.RegisterTests">
        <test-method is-config="true" signature="testSetup()[pri:0, instance:tests.RegisterTests@3b938003]" started-at="2021-10-21T21:37:10 NZDT" name="testSetup" finished-at="2021-10-21T21:37:11 NZDT" duration-ms="1174" status="PASS">
          <reporter-output>
          </reporter-output>
        </test-method> <!-- testSetup -->
        <test-method signature="RegisterNewUser()[pri:0, instance:tests.RegisterTests@3b938003]" started-at="2021-10-21T21:37:11 NZDT" name="RegisterNewUser" finished-at="2021-10-21T21:37:15 NZDT" duration-ms="3905" status="PASS">
          <reporter-output>
          </reporter-output>
        </test-method> <!-- RegisterNewUser -->
        <test-method is-config="true" signature="testCleanup()[pri:0, instance:tests.RegisterTests@3b938003]" started-at="2021-10-21T21:37:15 NZDT" name="testCleanup" finished-at="2021-10-21T21:37:15 NZDT" duration-ms="69" status="PASS">
          <reporter-output>
          </reporter-output>
        </test-method> <!-- testCleanup -->
      </class> <!-- tests.RegisterTests -->
    </test> <!-- Register -->
    <test started-at="2021-10-21T21:37:15 NZDT" name="ProfileCreation" finished-at="2021-10-21T21:37:21 NZDT" duration-ms="5990">
      <class name="tests.ProfileTests">
        <test-method is-config="true" signature="testSetup()[pri:0, instance:tests.ProfileTests@6295d394]" started-at="2021-10-21T21:37:15 NZDT" name="testSetup" finished-at="2021-10-21T21:37:17 NZDT" duration-ms="1165" status="PASS">
          <reporter-output>
          </reporter-output>
        </test-method> <!-- testSetup -->
        <test-method signature="ChangeUserAddress()[pri:0, instance:tests.ProfileTests@6295d394]" started-at="2021-10-21T21:37:17 NZDT" name="ChangeUserAddress" finished-at="2021-10-21T21:37:21 NZDT" duration-ms="4747" status="PASS">
          <reporter-output>
          </reporter-output>
        </test-method> <!-- ChangeUserAddress -->
        <test-method is-config="true" signature="testCleanup()[pri:0, instance:tests.ProfileTests@6295d394]" started-at="2021-10-21T21:37:21 NZDT" name="testCleanup" finished-at="2021-10-21T21:37:21 NZDT" duration-ms="77" status="PASS">
          <reporter-output>
          </reporter-output>
        </test-method> <!-- testCleanup -->
      </class> <!-- tests.ProfileTests -->
    </test> <!-- ProfileCreation -->
    <test started-at="2021-10-21T21:37:21 NZDT" name="CarDetails" finished-at="2021-10-21T21:37:42 NZDT" duration-ms="20356">
      <class name="tests.CarDetailsTests">
        <test-method is-config="true" signature="testSetup()[pri:0, instance:tests.CarDetailsTests@5c1a8622]" started-at="2021-10-21T21:37:21 NZDT" name="testSetup" finished-at="2021-10-21T21:37:23 NZDT" duration-ms="1137" status="PASS">
          <reporter-output>
          </reporter-output>
        </test-method> <!-- testSetup -->
        <test-method is-config="true" signature="CreateNewUserAndLogIn()[pri:0, instance:tests.CarDetailsTests@5c1a8622]" started-at="2021-10-21T21:37:23 NZDT" name="CreateNewUserAndLogIn" finished-at="2021-10-21T21:37:26 NZDT" duration-ms="3048" status="PASS">
          <reporter-output>
          </reporter-output>
        </test-method> <!-- CreateNewUserAndLogIn -->
        <test-method signature="CommentOnDiablo()[pri:0, instance:tests.CarDetailsTests@5c1a8622]" started-at="2021-10-21T21:37:26 NZDT" name="CommentOnDiablo" finished-at="2021-10-21T21:37:29 NZDT" duration-ms="3611" status="PASS">
          <reporter-output>
          </reporter-output>
        </test-method> <!-- CommentOnDiablo -->
        <test-method is-config="true" signature="testCleanup()[pri:0, instance:tests.CarDetailsTests@5c1a8622]" started-at="2021-10-21T21:37:29 NZDT" name="testCleanup" finished-at="2021-10-21T21:37:29 NZDT" duration-ms="66" status="PASS">
          <reporter-output>
          </reporter-output>
        </test-method> <!-- testCleanup -->
        <test-method is-config="true" signature="testSetup()[pri:0, instance:tests.CarDetailsTests@5c1a8622]" started-at="2021-10-21T21:37:29 NZDT" name="testSetup" finished-at="2021-10-21T21:37:30 NZDT" duration-ms="1165" status="PASS">
          <reporter-output>
          </reporter-output>
        </test-method> <!-- testSetup -->
        <test-method is-config="true" signature="CreateNewUserAndLogIn()[pri:0, instance:tests.CarDetailsTests@5c1a8622]" started-at="2021-10-21T21:37:30 NZDT" name="CreateNewUserAndLogIn" finished-at="2021-10-21T21:37:34 NZDT" duration-ms="3997" status="PASS">
          <reporter-output>
          </reporter-output>
        </test-method> <!-- CreateNewUserAndLogIn -->
        <test-method signature="VerifyVoteOrder()[pri:0, instance:tests.CarDetailsTests@5c1a8622]" started-at="2021-10-21T21:37:34 NZDT" name="VerifyVoteOrder" finished-at="2021-10-21T21:37:42 NZDT" duration-ms="7252" status="PASS">
          <reporter-output>
          </reporter-output>
        </test-method> <!-- VerifyVoteOrder -->
        <test-method is-config="true" signature="testCleanup()[pri:0, instance:tests.CarDetailsTests@5c1a8622]" started-at="2021-10-21T21:37:42 NZDT" name="testCleanup" finished-at="2021-10-21T21:37:42 NZDT" duration-ms="79" status="PASS">
          <reporter-output>
          </reporter-output>
        </test-method> <!-- testCleanup -->
      </class> <!-- tests.CarDetailsTests -->
    </test> <!-- CarDetails -->
  </suite> <!-- BuggyCarsTest -->
</testng-results>
